<?xml version="1.0" encoding="UTF-8"?>
<testsuite xmlns:xsi="http://www.w3.org/2001/XMLSchema-instance" xsi:noNamespaceSchemaLocation="https://maven.apache.org/surefire/maven-surefire-plugin/xsd/surefire-test-report-3.0.xsd" version="3.0" name="TestSuite" time="18.845" tests="3" errors="0" skipped="0" failures="1">
  <properties>
[...]
</properties>
  <testcase name="loginTest" classname="com.herokuapp.theinternet.PositiveTests" time="8.851">
    <system-out><![CDATA[[TestNGContentHandler] [WARN] It is strongly recommended to add "<!DOCTYPE suite SYSTEM "http://testng.org/testng-1.0.dtd" >" at the top of your file, otherwise TestNG may fail or not work as expected.

**** Starting positive login test ****

**** The page is opened ****

**** Step 4a: The URL of the page is correct ****

**** Step 4b: The Logout button is visible ****

**** Step 4c: Successful login message
The actual message does contain the expected message.
Actual message: You logged into a secure area!
×
Expected message: You logged into a secure area!

**** The page is closed ****
]]></system-out>
    <system-err><![CDATA[Starting ChromeDriver 83.0.4103.39 (ccbf011cb2d2b19b506d844400483861342c20cd-refs/branch-heads/4103@{#416}) on port 16928
Only local connections are allowed.
Please see https://chromedriver.chromium.org/security-considerations for suggestions on keeping ChromeDriver safe.
ChromeDriver was started successfully.
Jul 06, 2020 3:38:50 PM org.openqa.selenium.remote.ProtocolHandshake createSession
INFO: Detected dialect: W3C
]]></system-err>
  </testcase>
  <testcase name="incorrectPaasswordTest" classname="com.herokuapp.theinternet.NegativeTests" time="8.33">
    <system-out><![CDATA[
**** Starting the incorrect password test ****

**** Step 1: Open the test page URL ****

**** Step 2: Enter the correct user-name ****

**** Step 3: Enter the incorrect password ****

**** Step 4: Click on Login button ****

**** Step 4c: Successful login message
The actual message does contain the expected message.
Actual message: Your password is invalid!
×
Expected message: Your password is invalid!

**** The page is closed ****
]]></system-out>
    <system-err><![CDATA[Starting ChromeDriver 83.0.4103.39 (ccbf011cb2d2b19b506d844400483861342c20cd-refs/branch-heads/4103@{#416}) on port 20504
Only local connections are allowed.
Please see https://chromedriver.chromium.org/security-considerations for suggestions on keeping ChromeDriver safe.
ChromeDriver was started successfully.
Jul 06, 2020 3:38:58 PM org.openqa.selenium.remote.ProtocolHandshake createSession
INFO: Detected dialect: W3C
]]></system-err>
  </testcase>
  <testcase name="incorrectUsernameTest" classname="com.herokuapp.theinternet.NegativeTests" time="0.004">
    <failure message="Cannot find firefox binary in PATH. Make sure firefox is installed. OS appears to be: VISTA&#10;Build info: version: &apos;3.141.59&apos;, revision: &apos;e82be7d358&apos;, time: &apos;2018-11-14T08:17:03&apos;&#10;System info: host: &apos;STEPHAN-HP&apos;, ip: &apos;172.20.2.253&apos;, os.name: &apos;Windows 7&apos;, os.arch: &apos;amd64&apos;, os.version: &apos;6.1&apos;, java.version: &apos;11.0.7&apos;&#10;Driver info: driver.version: FirefoxDriver" type="org.openqa.selenium.WebDriverException"><![CDATA[org.openqa.selenium.WebDriverException: 
Cannot find firefox binary in PATH. Make sure firefox is installed. OS appears to be: VISTA
Build info: version: '3.141.59', revision: 'e82be7d358', time: '2018-11-14T08:17:03'
System info: host: 'STEPHAN-HP', ip: '172.20.2.253', os.name: 'Windows 7', os.arch: 'amd64', os.version: '6.1', java.version: '11.0.7'
Driver info: driver.version: FirefoxDriver
	at com.herokuapp.theinternet.NegativeTests.incorrectUsernameTest(NegativeTests.java:21)
]]></failure>
    <system-out><![CDATA[
**** Starting the incorrect username test ****
]]></system-out>
  </testcase>
</testsuite>